2023-12-08T01:19:48,702 - CPUUtilization.Percent:100.0|#Level:Host|#hostname:hiring-4,timestamp:1701998388
2023-12-08T01:19:48,722 - DiskAvailable.Gigabytes:6.545341491699219|#Level:Host|#hostname:hiring-4,timestamp:1701998388
2023-12-08T01:19:48,740 - DiskUsage.Gigabytes:23.163124084472656|#Level:Host|#hostname:hiring-4,timestamp:1701998388
2023-12-08T01:19:48,741 - DiskUtilization.Percent:78.0|#Level:Host|#hostname:hiring-4,timestamp:1701998388
2023-12-08T01:19:48,742 - MemoryAvailable.Megabytes:12525.140625|#Level:Host|#hostname:hiring-4,timestamp:1701998388
2023-12-08T01:19:48,742 - MemoryUsed.Megabytes:3054.6484375|#Level:Host|#hostname:hiring-4,timestamp:1701998388
2023-12-08T01:19:48,769 - MemoryUtilization.Percent:21.4|#Level:Host|#hostname:hiring-4,timestamp:1701998388
2023-12-08T01:19:56,301 - ts_inference_requests_total.Count:1.0|#model_name:mymodel,model_version:default|#hostname:hiring-4,timestamp:1701998396
2023-12-08T01:20:40,054 - Requests4XX.Count:1.0|#Level:Host|#hostname:hiring-4,timestamp:1701998440
2023-12-08T01:20:48,654 - CPUUtilization.Percent:0.0|#Level:Host|#hostname:hiring-4,timestamp:1701998448
2023-12-08T01:20:48,665 - DiskAvailable.Gigabytes:6.544612884521484|#Level:Host|#hostname:hiring-4,timestamp:1701998448
2023-12-08T01:20:48,675 - DiskUsage.Gigabytes:23.16385269165039|#Level:Host|#hostname:hiring-4,timestamp:1701998448
2023-12-08T01:20:48,686 - DiskUtilization.Percent:78.0|#Level:Host|#hostname:hiring-4,timestamp:1701998448
2023-12-08T01:20:48,695 - MemoryAvailable.Megabytes:6735.140625|#Level:Host|#hostname:hiring-4,timestamp:1701998448
2023-12-08T01:20:48,704 - MemoryUsed.Megabytes:8844.97265625|#Level:Host|#hostname:hiring-4,timestamp:1701998448
2023-12-08T01:20:48,704 - MemoryUtilization.Percent:57.7|#Level:Host|#hostname:hiring-4,timestamp:1701998448
2023-12-08T01:20:50,441 - ts_inference_requests_total.Count:1.0|#model_name:mymodel,model_version:default|#hostname:hiring-4,timestamp:1701998450
2023-12-08T01:21:48,715 - CPUUtilization.Percent:100.0|#Level:Host|#hostname:hiring-4,timestamp:1701998508
2023-12-08T01:21:48,717 - DiskAvailable.Gigabytes:6.544612884521484|#Level:Host|#hostname:hiring-4,timestamp:1701998508
2023-12-08T01:21:48,735 - DiskUsage.Gigabytes:23.16385269165039|#Level:Host|#hostname:hiring-4,timestamp:1701998508
2023-12-08T01:21:48,745 - DiskUtilization.Percent:78.0|#Level:Host|#hostname:hiring-4,timestamp:1701998508
2023-12-08T01:21:48,745 - MemoryAvailable.Megabytes:1903.91796875|#Level:Host|#hostname:hiring-4,timestamp:1701998508
2023-12-08T01:21:48,745 - MemoryUsed.Megabytes:13675.8828125|#Level:Host|#hostname:hiring-4,timestamp:1701998508
2023-12-08T01:21:48,745 - MemoryUtilization.Percent:88.0|#Level:Host|#hostname:hiring-4,timestamp:1701998508
2023-12-08T01:22:48,486 - CPUUtilization.Percent:100.0|#Level:Host|#hostname:hiring-4,timestamp:1701998568
2023-12-08T01:22:48,494 - DiskAvailable.Gigabytes:6.544589996337891|#Level:Host|#hostname:hiring-4,timestamp:1701998568
2023-12-08T01:22:48,495 - DiskUsage.Gigabytes:23.163875579833984|#Level:Host|#hostname:hiring-4,timestamp:1701998568
2023-12-08T01:22:48,495 - DiskUtilization.Percent:78.0|#Level:Host|#hostname:hiring-4,timestamp:1701998568
2023-12-08T01:22:48,495 - MemoryAvailable.Megabytes:12509.5625|#Level:Host|#hostname:hiring-4,timestamp:1701998568
2023-12-08T01:22:48,495 - MemoryUsed.Megabytes:3070.55859375|#Level:Host|#hostname:hiring-4,timestamp:1701998568
2023-12-08T01:22:48,495 - MemoryUtilization.Percent:21.5|#Level:Host|#hostname:hiring-4,timestamp:1701998568
2023-12-08T01:23:09,132 - ts_inference_requests_total.Count:1.0|#model_name:mymodel,model_version:default|#hostname:hiring-4,timestamp:1701998589
2023-12-08T01:23:57,137 - Requests5XX.Count:1.0|#Level:Host|#hostname:hiring-4,timestamp:1701998637
2023-12-08T01:25:01,661 - ts_inference_requests_total.Count:1.0|#model_name:mymodel,model_version:default|#hostname:hiring-4,timestamp:1701998701
2023-12-08T01:26:01,431 - ts_inference_requests_total.Count:1.0|#model_name:mymodel,model_version:default|#hostname:hiring-4,timestamp:1701998761
2023-12-08T15:39:15,690 - CPUUtilization.Percent:100.0|#Level:Host|#hostname:hiring-4,timestamp:1702049955
2023-12-08T15:39:15,701 - DiskAvailable.Gigabytes:11.246627807617188|#Level:Host|#hostname:hiring-4,timestamp:1702049955
2023-12-08T15:39:15,702 - DiskUsage.Gigabytes:18.461837768554688|#Level:Host|#hostname:hiring-4,timestamp:1702049955
2023-12-08T15:39:15,702 - DiskUtilization.Percent:62.1|#Level:Host|#hostname:hiring-4,timestamp:1702049955
2023-12-08T15:39:15,702 - MemoryAvailable.Megabytes:12369.21875|#Level:Host|#hostname:hiring-4,timestamp:1702049955
2023-12-08T15:39:15,702 - MemoryUsed.Megabytes:3211.078125|#Level:Host|#hostname:hiring-4,timestamp:1702049955
2023-12-08T15:39:15,730 - MemoryUtilization.Percent:22.4|#Level:Host|#hostname:hiring-4,timestamp:1702049955
2023-12-08T15:40:15,250 - CPUUtilization.Percent:100.0|#Level:Host|#hostname:hiring-4,timestamp:1702050015
2023-12-08T15:40:15,252 - DiskAvailable.Gigabytes:11.246623992919922|#Level:Host|#hostname:hiring-4,timestamp:1702050015
2023-12-08T15:40:15,260 - DiskUsage.Gigabytes:18.461841583251953|#Level:Host|#hostname:hiring-4,timestamp:1702050015
2023-12-08T15:40:15,261 - DiskUtilization.Percent:62.1|#Level:Host|#hostname:hiring-4,timestamp:1702050015
2023-12-08T15:40:15,261 - MemoryAvailable.Megabytes:12467.51171875|#Level:Host|#hostname:hiring-4,timestamp:1702050015
2023-12-08T15:40:15,261 - MemoryUsed.Megabytes:3112.59375|#Level:Host|#hostname:hiring-4,timestamp:1702050015
2023-12-08T15:40:15,261 - MemoryUtilization.Percent:21.7|#Level:Host|#hostname:hiring-4,timestamp:1702050015
2023-12-08T15:41:15,189 - CPUUtilization.Percent:100.0|#Level:Host|#hostname:hiring-4,timestamp:1702050075
2023-12-08T15:41:15,200 - DiskAvailable.Gigabytes:11.246623992919922|#Level:Host|#hostname:hiring-4,timestamp:1702050075
2023-12-08T15:41:15,209 - DiskUsage.Gigabytes:18.461841583251953|#Level:Host|#hostname:hiring-4,timestamp:1702050075
2023-12-08T15:41:15,226 - DiskUtilization.Percent:62.1|#Level:Host|#hostname:hiring-4,timestamp:1702050075
2023-12-08T15:41:15,226 - MemoryAvailable.Megabytes:12452.015625|#Level:Host|#hostname:hiring-4,timestamp:1702050075
2023-12-08T15:41:15,226 - MemoryUsed.Megabytes:3128.09375|#Level:Host|#hostname:hiring-4,timestamp:1702050075
2023-12-08T15:41:15,227 - MemoryUtilization.Percent:21.8|#Level:Host|#hostname:hiring-4,timestamp:1702050075
2023-12-08T15:42:15,219 - CPUUtilization.Percent:100.0|#Level:Host|#hostname:hiring-4,timestamp:1702050135
2023-12-08T15:42:15,236 - DiskAvailable.Gigabytes:11.246623992919922|#Level:Host|#hostname:hiring-4,timestamp:1702050135
2023-12-08T15:42:15,236 - DiskUsage.Gigabytes:18.461841583251953|#Level:Host|#hostname:hiring-4,timestamp:1702050135
2023-12-08T15:42:15,236 - DiskUtilization.Percent:62.1|#Level:Host|#hostname:hiring-4,timestamp:1702050135
2023-12-08T15:42:15,237 - MemoryAvailable.Megabytes:12451.2265625|#Level:Host|#hostname:hiring-4,timestamp:1702050135
2023-12-08T15:42:15,263 - MemoryUsed.Megabytes:3128.89453125|#Level:Host|#hostname:hiring-4,timestamp:1702050135
2023-12-08T15:42:15,272 - MemoryUtilization.Percent:21.8|#Level:Host|#hostname:hiring-4,timestamp:1702050135
2023-12-08T15:42:23,373 - Requests4XX.Count:1.0|#Level:Host|#hostname:hiring-4,timestamp:1702050143
2023-12-08T15:42:57,179 - Requests4XX.Count:1.0|#Level:Host|#hostname:hiring-4,timestamp:1702050177
2023-12-08T15:43:15,225 - CPUUtilization.Percent:100.0|#Level:Host|#hostname:hiring-4,timestamp:1702050195
2023-12-08T15:43:15,234 - DiskAvailable.Gigabytes:11.246620178222656|#Level:Host|#hostname:hiring-4,timestamp:1702050195
2023-12-08T15:43:15,244 - DiskUsage.Gigabytes:18.46184539794922|#Level:Host|#hostname:hiring-4,timestamp:1702050195
2023-12-08T15:43:15,244 - DiskUtilization.Percent:62.1|#Level:Host|#hostname:hiring-4,timestamp:1702050195
2023-12-08T15:43:15,244 - MemoryAvailable.Megabytes:12429.37109375|#Level:Host|#hostname:hiring-4,timestamp:1702050195
2023-12-08T15:43:15,245 - MemoryUsed.Megabytes:3150.75|#Level:Host|#hostname:hiring-4,timestamp:1702050195
2023-12-08T15:43:15,245 - MemoryUtilization.Percent:22.0|#Level:Host|#hostname:hiring-4,timestamp:1702050195
2023-12-08T15:43:30,898 - Requests4XX.Count:1.0|#Level:Host|#hostname:hiring-4,timestamp:1702050210
2023-12-08T15:43:35,184 - Requests4XX.Count:1.0|#Level:Host|#hostname:hiring-4,timestamp:1702050215
2023-12-08T15:44:15,196 - CPUUtilization.Percent:100.0|#Level:Host|#hostname:hiring-4,timestamp:1702050255
2023-12-08T15:44:15,214 - DiskAvailable.Gigabytes:11.24661636352539|#Level:Host|#hostname:hiring-4,timestamp:1702050255
2023-12-08T15:44:15,214 - DiskUsage.Gigabytes:18.461849212646484|#Level:Host|#hostname:hiring-4,timestamp:1702050255
2023-12-08T15:44:15,214 - DiskUtilization.Percent:62.1|#Level:Host|#hostname:hiring-4,timestamp:1702050255
2023-12-08T15:44:15,215 - MemoryAvailable.Megabytes:12406.4375|#Level:Host|#hostname:hiring-4,timestamp:1702050255
2023-12-08T15:44:15,215 - MemoryUsed.Megabytes:3173.5|#Level:Host|#hostname:hiring-4,timestamp:1702050255
2023-12-08T15:44:15,215 - MemoryUtilization.Percent:22.1|#Level:Host|#hostname:hiring-4,timestamp:1702050255
2023-12-08T15:45:15,210 - CPUUtilization.Percent:100.0|#Level:Host|#hostname:hiring-4,timestamp:1702050315
2023-12-08T15:45:15,238 - DiskAvailable.Gigabytes:11.24661636352539|#Level:Host|#hostname:hiring-4,timestamp:1702050315
2023-12-08T15:45:15,247 - DiskUsage.Gigabytes:18.461849212646484|#Level:Host|#hostname:hiring-4,timestamp:1702050315
2023-12-08T15:45:15,247 - DiskUtilization.Percent:62.1|#Level:Host|#hostname:hiring-4,timestamp:1702050315
2023-12-08T15:45:15,247 - MemoryAvailable.Megabytes:12414.40234375|#Level:Host|#hostname:hiring-4,timestamp:1702050315
2023-12-08T15:45:15,248 - MemoryUsed.Megabytes:3165.7109375|#Level:Host|#hostname:hiring-4,timestamp:1702050315
2023-12-08T15:45:15,248 - MemoryUtilization.Percent:22.1|#Level:Host|#hostname:hiring-4,timestamp:1702050315
2023-12-08T15:46:15,237 - CPUUtilization.Percent:100.0|#Level:Host|#hostname:hiring-4,timestamp:1702050375
2023-12-08T15:46:15,238 - DiskAvailable.Gigabytes:11.24661636352539|#Level:Host|#hostname:hiring-4,timestamp:1702050375
2023-12-08T15:46:15,247 - DiskUsage.Gigabytes:18.461849212646484|#Level:Host|#hostname:hiring-4,timestamp:1702050375
2023-12-08T15:46:15,248 - DiskUtilization.Percent:62.1|#Level:Host|#hostname:hiring-4,timestamp:1702050375
2023-12-08T15:46:15,248 - MemoryAvailable.Megabytes:12394.70703125|#Level:Host|#hostname:hiring-4,timestamp:1702050375
2023-12-08T15:46:15,248 - MemoryUsed.Megabytes:3185.3984375|#Level:Host|#hostname:hiring-4,timestamp:1702050375
2023-12-08T15:46:15,248 - MemoryUtilization.Percent:22.2|#Level:Host|#hostname:hiring-4,timestamp:1702050375
2023-12-08T15:46:32,351 - Requests4XX.Count:1.0|#Level:Host|#hostname:hiring-4,timestamp:1702050392
2023-12-08T15:47:15,236 - CPUUtilization.Percent:0.0|#Level:Host|#hostname:hiring-4,timestamp:1702050435
2023-12-08T15:47:15,236 - DiskAvailable.Gigabytes:11.246612548828125|#Level:Host|#hostname:hiring-4,timestamp:1702050435
2023-12-08T15:47:15,244 - DiskUsage.Gigabytes:18.46185302734375|#Level:Host|#hostname:hiring-4,timestamp:1702050435
2023-12-08T15:47:15,254 - DiskUtilization.Percent:62.1|#Level:Host|#hostname:hiring-4,timestamp:1702050435
2023-12-08T15:47:15,254 - MemoryAvailable.Megabytes:12322.1875|#Level:Host|#hostname:hiring-4,timestamp:1702050435
2023-12-08T15:47:15,255 - MemoryUsed.Megabytes:3257.71484375|#Level:Host|#hostname:hiring-4,timestamp:1702050435
2023-12-08T15:47:15,255 - MemoryUtilization.Percent:22.7|#Level:Host|#hostname:hiring-4,timestamp:1702050435
2023-12-08T15:57:39,774 - CPUUtilization.Percent:100.0|#Level:Host|#hostname:hiring-4,timestamp:1702051059
2023-12-08T15:57:39,783 - DiskAvailable.Gigabytes:5.950447082519531|#Level:Host|#hostname:hiring-4,timestamp:1702051059
2023-12-08T15:57:39,810 - DiskUsage.Gigabytes:23.758018493652344|#Level:Host|#hostname:hiring-4,timestamp:1702051059
2023-12-08T15:57:39,829 - DiskUtilization.Percent:80.0|#Level:Host|#hostname:hiring-4,timestamp:1702051059
2023-12-08T15:57:39,830 - MemoryAvailable.Megabytes:12376.03515625|#Level:Host|#hostname:hiring-4,timestamp:1702051059
2023-12-08T15:57:39,830 - MemoryUsed.Megabytes:3203.66015625|#Level:Host|#hostname:hiring-4,timestamp:1702051059
2023-12-08T15:57:39,848 - MemoryUtilization.Percent:22.3|#Level:Host|#hostname:hiring-4,timestamp:1702051059
2023-12-08T15:57:45,415 - ts_inference_requests_total.Count:1.0|#model_name:mymodel,model_version:default|#hostname:hiring-4,timestamp:1702051065
2023-12-08T15:58:39,662 - CPUUtilization.Percent:100.0|#Level:Host|#hostname:hiring-4,timestamp:1702051119
2023-12-08T15:58:39,662 - DiskAvailable.Gigabytes:5.950405120849609|#Level:Host|#hostname:hiring-4,timestamp:1702051119
2023-12-08T15:58:39,663 - DiskUsage.Gigabytes:23.758060455322266|#Level:Host|#hostname:hiring-4,timestamp:1702051119
2023-12-08T15:58:39,663 - DiskUtilization.Percent:80.0|#Level:Host|#hostname:hiring-4,timestamp:1702051119
2023-12-08T15:58:39,671 - MemoryAvailable.Megabytes:12257.390625|#Level:Host|#hostname:hiring-4,timestamp:1702051119
2023-12-08T15:58:39,671 - MemoryUsed.Megabytes:3322.71484375|#Level:Host|#hostname:hiring-4,timestamp:1702051119
2023-12-08T15:58:39,672 - MemoryUtilization.Percent:23.1|#Level:Host|#hostname:hiring-4,timestamp:1702051119
2023-12-08T15:59:03,990 - Requests5XX.Count:1.0|#Level:Host|#hostname:hiring-4,timestamp:1702051143
2023-12-08T16:09:34,058 - CPUUtilization.Percent:100.0|#Level:Host|#hostname:hiring-4,timestamp:1702051774
2023-12-08T16:09:34,085 - DiskAvailable.Gigabytes:5.950382232666016|#Level:Host|#hostname:hiring-4,timestamp:1702051774
2023-12-08T16:09:34,087 - DiskUsage.Gigabytes:23.75808334350586|#Level:Host|#hostname:hiring-4,timestamp:1702051774
2023-12-08T16:09:34,095 - DiskUtilization.Percent:80.0|#Level:Host|#hostname:hiring-4,timestamp:1702051774
2023-12-08T16:09:34,096 - MemoryAvailable.Megabytes:12366.91796875|#Level:Host|#hostname:hiring-4,timestamp:1702051774
2023-12-08T16:09:34,105 - MemoryUsed.Megabytes:3213.1796875|#Level:Host|#hostname:hiring-4,timestamp:1702051774
2023-12-08T16:09:34,105 - MemoryUtilization.Percent:22.4|#Level:Host|#hostname:hiring-4,timestamp:1702051774
2023-12-08T16:10:33,892 - CPUUtilization.Percent:100.0|#Level:Host|#hostname:hiring-4,timestamp:1702051833
2023-12-08T16:10:33,892 - DiskAvailable.Gigabytes:5.950340270996094|#Level:Host|#hostname:hiring-4,timestamp:1702051833
2023-12-08T16:10:33,893 - DiskUsage.Gigabytes:23.75812530517578|#Level:Host|#hostname:hiring-4,timestamp:1702051833
2023-12-08T16:10:33,893 - DiskUtilization.Percent:80.0|#Level:Host|#hostname:hiring-4,timestamp:1702051833
2023-12-08T16:10:33,901 - MemoryAvailable.Megabytes:12274.5234375|#Level:Host|#hostname:hiring-4,timestamp:1702051833
2023-12-08T16:10:33,902 - MemoryUsed.Megabytes:3305.58984375|#Level:Host|#hostname:hiring-4,timestamp:1702051833
2023-12-08T16:10:33,902 - MemoryUtilization.Percent:23.0|#Level:Host|#hostname:hiring-4,timestamp:1702051833
2023-12-08T16:11:37,778 - ts_inference_requests_total.Count:1.0|#model_name:mymodel,model_version:default|#hostname:hiring-4,timestamp:1702051897
2023-12-08T16:26:56,923 - CPUUtilization.Percent:100.0|#Level:Host|#hostname:hiring-4,timestamp:1702052816
2023-12-08T16:26:56,932 - DiskAvailable.Gigabytes:5.950298309326172|#Level:Host|#hostname:hiring-4,timestamp:1702052816
2023-12-08T16:26:56,932 - DiskUsage.Gigabytes:23.758167266845703|#Level:Host|#hostname:hiring-4,timestamp:1702052816
2023-12-08T16:26:56,933 - DiskUtilization.Percent:80.0|#Level:Host|#hostname:hiring-4,timestamp:1702052816
2023-12-08T16:26:56,933 - MemoryAvailable.Megabytes:12389.75|#Level:Host|#hostname:hiring-4,timestamp:1702052816
2023-12-08T16:26:56,962 - MemoryUsed.Megabytes:3190.37109375|#Level:Host|#hostname:hiring-4,timestamp:1702052816
2023-12-08T16:26:56,963 - MemoryUtilization.Percent:22.2|#Level:Host|#hostname:hiring-4,timestamp:1702052816
2023-12-08T16:27:01,339 - ts_inference_requests_total.Count:1.0|#model_name:mymodel,model_version:default|#hostname:hiring-4,timestamp:1702052821
2023-12-08T16:27:41,910 - Requests5XX.Count:1.0|#Level:Host|#hostname:hiring-4,timestamp:1702052861
2023-12-08T16:27:48,190 - ts_inference_requests_total.Count:1.0|#model_name:mymodel,model_version:default|#hostname:hiring-4,timestamp:1702052868
2023-12-08T16:27:56,196 - CPUUtilization.Percent:100.0|#Level:Host|#hostname:hiring-4,timestamp:1702052876
2023-12-08T16:27:56,197 - DiskAvailable.Gigabytes:5.950237274169922|#Level:Host|#hostname:hiring-4,timestamp:1702052876
2023-12-08T16:27:56,197 - DiskUsage.Gigabytes:23.758228302001953|#Level:Host|#hostname:hiring-4,timestamp:1702052876
2023-12-08T16:27:56,216 - DiskUtilization.Percent:80.0|#Level:Host|#hostname:hiring-4,timestamp:1702052876
2023-12-08T16:27:56,216 - MemoryAvailable.Megabytes:12284.17578125|#Level:Host|#hostname:hiring-4,timestamp:1702052876
2023-12-08T16:27:56,217 - MemoryUsed.Megabytes:3295.9140625|#Level:Host|#hostname:hiring-4,timestamp:1702052876
2023-12-08T16:27:56,217 - MemoryUtilization.Percent:22.9|#Level:Host|#hostname:hiring-4,timestamp:1702052876
2023-12-08T16:28:56,436 - Requests5XX.Count:1.0|#Level:Host|#hostname:hiring-4,timestamp:1702052936
2023-12-08T16:29:37,868 - ts_inference_requests_total.Count:1.0|#model_name:mymodel,model_version:default|#hostname:hiring-4,timestamp:1702052977
